Loading MATLAB module...
Starting entropy trend analysis...

                            < M A T L A B (R) >
                  Copyright 1984-2023 The MathWorks, Inc.
                  R2023b (23.2.0.2365128) 64-bit (glnxa64)
                              August 23, 2023

 
To get started, type doc.
For product information, visit www.mathworks.com.
 
Processing output files...
Processed D01_B01_T01
Processed D01_B01_T02
Processed D01_B01_T03
Processed D01_B02_T01
Processed D01_B02_T02
Processed D01_B02_T03
Processed D01_B03_T01
Processed D01_B03_T02
Processed D01_B03_T03
Processed D02_B01_T01
Processed D02_B01_T02
Processed D02_B01_T03
Processed D02_B02_T01
Processed D02_B02_T02
Processed D02_B02_T03
Processed D02_B03_T01
Processed D02_B03_T02
Processed D02_B03_T03
Results saved to entropy_analysis_results.csv
Fontconfig warning: "/usr/share/fontconfig/conf.avail/05-reset-dirs-sample.conf", line 6: unknown element "reset-dirs"
Fontconfig warning: "/usr/share/fontconfig/conf.avail/05-reset-dirs-sample.conf", line 6: unknown element "reset-dirs"
[Warning: The figure is too large for the page and will be cut off. Resize the
figure, adjust the output size by setting the figure's PaperPosition property,
use the 'print' command with either the  '-bestfit' or '-fillpage' options, or
use the 'Best fit' or 'Fill page' options on the 'Print Preview' window.] 
[> In validate (line 146)
In print (line 67)
In saveas (line 181)
In plot_entropy_functions (line 57)
In analyze_entropy_trends (line 102)] 
